AI document processing failed: {
  "name": "ErrorWithCause",
  "message": "Request failed with status code 500.",
  "cause": {
    "name": "AxiosError",
    "message": "Request failed with status code 500",
    "code": "ERR_BAD_RESPONSE",
    "status": 500,
    "responseStatus": 500,
    "responseStatusText": "Internal Server Error",
    "responseData": {
      "error": {
        "request_id": "7afb77d5-7af5-9ccf-8f06-5da57cc3c531",
        "code": 500,
        "message": "Internal Server Error",
        "location": "Unknown",
        "headers": {
          "Content-Type": "application/json"
        }
      }
    }
  }
}
AI document processing failed: {
  "name": "ErrorWithCause",
  "message": "Request failed with status code 500.",
  "cause": {
    "name": "AxiosError",
    "message": "Request failed with status code 500",
    "code": "ERR_BAD_RESPONSE",
    "status": 500,
    "responseStatus": 500,
    "responseStatusText": "Internal Server Error",
    "responseData": {
      "error": {
        "request_id": "e5b918f7-0512-9066-a9fa-68e029d30186",
        "code": 500,
        "message": "Internal Server Error",
        "location": "Unknown",
        "headers": {
          "Content-Type": "application/json"
        }
      }
    }
  }
}
